<?xml version="1.0" encoding="UTF-8"?>
<!-- Generated by org.testng.reporters.JUnitReportReporter -->
<testsuite hostname="DESKTOP-93ADINM" failures="0" tests="1" name="testSelenium.TestNG_DemoCart_CartPrime" time="20.109" errors="0" timestamp="2023-04-11T21:22:46 EDT" skipped="0">
  <testcase classname="testSelenium.TestNG_DemoCart_CartPrime" name="duckDuckGoSearch" time="20.109"/>
  <system-out/>
</testsuite> <!-- testSelenium.TestNG_DemoCart_CartPrime -->
