<?xml version="1.0" encoding="UTF-8"?>
<!-- Generated by org.testng.reporters.JUnitReportReporter -->
<testsuite hostname="DESKTOP-93ADINM" failures="0" tests="1" name="testSelenium.TestNG_DemoCart_Search_Bar_Test" time="14.003" errors="0" timestamp="2023-04-11T20:29:15 EDT" skipped="0">
  <testcase classname="testSelenium.TestNG_DemoCart_Search_Bar_Test" name="demoCartSearchBarTest" time="14.003"/>
  <system-out/>
</testsuite> <!-- testSelenium.TestNG_DemoCart_Search_Bar_Test -->
