<?xml version="1.0" encoding="UTF-8"?>
<!-- Generated by org.testng.reporters.JUnitReportReporter -->
<testsuite hostname="DESKTOP-93ADINM" failures="0" tests="1" name="testSelenium.TestNG_Bing_Test" time="0.911" errors="0" timestamp="2023-04-08T13:20:21 EDT" skipped="0">
  <testcase classname="testSelenium.TestNG_Bing_Test" name="bingSearch" time="0.911"/>
  <system-out/>
</testsuite> <!-- testSelenium.TestNG_Bing_Test -->
