<?xml version="1.0" encoding="UTF-8"?>
<!-- Generated by org.testng.reporters.JUnitReportReporter -->
<testsuite hostname="DESKTOP-93ADINM" failures="0" tests="1" name="testSelenium.TestNG_DemoCart_Select_First_Product_Test" time="18.098" errors="0" timestamp="2023-04-11T20:49:19 EDT" skipped="0">
  <testcase classname="testSelenium.TestNG_DemoCart_Select_First_Product_Test" name="demoCartSearchBarTest" time="18.098"/>
  <system-out/>
</testsuite> <!-- testSelenium.TestNG_DemoCart_Select_First_Product_Test -->
