<?xml version="1.0" encoding="UTF-8"?>
<!-- Generated by org.testng.reporters.JUnitReportReporter -->
<testsuite hostname="DESKTOP-93ADINM" failures="0" tests="1" name="testSelenium.TestNG_Google_Test" time="1.280" errors="0" timestamp="2023-04-11T19:54:53 EDT" skipped="0">
  <testcase classname="testSelenium.TestNG_Google_Test" name="googleSearch" time="1.280"/>
  <system-out/>
</testsuite> <!-- testSelenium.TestNG_Google_Test -->
