<?xml version="1.0" encoding="UTF-8"?>
<!-- Generated by org.testng.reporters.JUnitReportReporter -->
<testsuite hostname="DESKTOP-93ADINM" failures="0" tests="1" name="testSelenium.TestNG" time="1.772" errors="0" timestamp="2023-04-08T13:01:21 EDT" skipped="0">
  <testcase classname="testSelenium.TestNG" name="googleSearch" time="1.772"/>
  <system-out/>
</testsuite> <!-- testSelenium.TestNG -->
