<?xml version="1.0" encoding="UTF-8"?>
<!-- Generated by org.testng.reporters.JUnitReportReporter -->
<testsuite hostname="DESKTOP-93ADINM" failures="0" tests="1" name="testSelenium.TestNG_DemoCart_Verify_Add_Cart" time="15.607" errors="0" timestamp="2023-04-12T12:47:44 EDT" skipped="0">
  <testcase classname="testSelenium.TestNG_DemoCart_Verify_Add_Cart" name="demoCartVerifyAddCartTest" time="15.607"/>
  <system-out/>
</testsuite> <!-- testSelenium.TestNG_DemoCart_Verify_Add_Cart -->
