<?xml version="1.0" encoding="UTF-8"?>
<!-- Generated by org.testng.reporters.JUnitReportReporter -->
<testsuite hostname="DESKTOP-93ADINM" failures="0" tests="1" name="testSelenium.TestNG_DemoCart_Verify_DemoCart_Prime" time="19.844" errors="0" timestamp="2023-04-11T21:27:16 EDT" skipped="0">
  <testcase classname="testSelenium.TestNG_DemoCart_Verify_DemoCart_Prime" name="duckDuckGoSearch" time="19.844"/>
  <system-out/>
</testsuite> <!-- testSelenium.TestNG_DemoCart_Verify_DemoCart_Prime -->
