<?xml version="1.0" encoding="UTF-8"?>
<!-- Generated by org.testng.reporters.JUnitReportReporter -->
<testsuite hostname="DESKTOP-93ADINM" failures="0" tests="1" name="testSelenium.TestNg_DemoCart_Verify_Cart_Total" time="22.996" errors="0" timestamp="2023-04-12T12:47:44 EDT" skipped="0">
  <testcase classname="testSelenium.TestNg_DemoCart_Verify_Cart_Total" name="demoCartVerifyCartTotal" time="22.996"/>
  <system-out/>
</testsuite> <!-- testSelenium.TestNg_DemoCart_Verify_Cart_Total -->
